{"numFailedTestSuites":1,"numFailedTests":1,"numPassedTestSuites":9,"numPassedTests":63,"numPendingTestSuites":0,"numPendingTests":0,"numRuntimeErrorTestSuites":0,"numTodoTests":0,"numTotalTestSuites":10,"numTotalTests":64,"openHandles":[],"snapshot":{"added":0,"didUpdate":false,"failure":false,"filesAdded":0,"filesRemoved":0,"filesRemovedList":[],"filesUnmatched":0,"filesUpdated":0,"matched":0,"total":0,"unchecked":0,"uncheckedKeysByFile":[],"unmatched":0,"updated":0},"startTime":1780050741425,"success":false,"testResults":[{"assertionResults":[{"ancestorTitles":["Job Routes"],"duration":20,"failing":false,"failureDetails":[],"failureMessages":[],"fullName":"Job Routes should enqueue a report job and allow status retrieval","invocations":1,"location":null,"numPassingAsserts":7,"retryReasons":[],"startAt":1780050746455,"status":"passed","title":"should enqueue a report job and allow status retrieval"},{"ancestorTitles":["Job Routes"],"duration":4,"failing":false,"failureDetails":[],"failureMessages":[],"fullName":"Job Routes should return 404 for a missing job","invocations":1,"location":null,"numPassingAsserts":1,"retryReasons":[],"startAt":1780050746477,"status":"passed","title":"should return 404 for a missing job"},{"ancestorTitles":["Job Routes"],"duration":7,"failing":false,"failureDetails":[{"matcherResult":{"actual":404,"expected":202,"message":"\u001b[2mexpect(\u001b[22m\u001b[31mreceived\u001b[39m\u001b[2m).\u001b[22mtoBe\u001b[2m(\u001b[22m\u001b[32mexpected\u001b[39m\u001b[2m) // Object.is equality\u001b[22m\n\nExpected: \u001b[32m202\u001b[39m\nReceived: \u001b[31m404\u001b[39m","name":"toBe","pass":false}}],"failureMessages":["Error: \u001b[2mexpect(\u001b[22m\u001b[31mreceived\u001b[39m\u001b[2m).\u001b[22mtoBe\u001b[2m(\u001b[22m\u001b[32mexpected\u001b[39m\u001b[2m) // Object.is equality\u001b[22m\n\nExpected: \u001b[32m202\u001b[39m\nReceived: \u001b[31m404\u001b[39m\n    at Object.<anonymous> (C:\\Users\\gabri\\OneDrive\\Documentos\\GitHub\\ERP---OR-AMENTO-SISTEMA\\api-server\\src\\__tests__\\jobs.test.ts:51:29)\n    at processTicksAndRejections (node:internal/process/task_queues:95:5)"],"fullName":"Job Routes should enqueue an OS PDF generation job","invocations":1,"location":null,"numPassingAsserts":0,"retryReasons":[],"startAt":1780050746482,"status":"failed","title":"should enqueue an OS PDF generation job"}],"endTime":1780050746509,"message":"\u001b[1m\u001b[31m  \u001b[1m● \u001b[22m\u001b[1mJob Routes › should enqueue an OS PDF generation job\u001b[39m\u001b[22m\n\n    \u001b[2mexpect(\u001b[22m\u001b[31mreceived\u001b[39m\u001b[2m).\u001b[22mtoBe\u001b[2m(\u001b[22m\u001b[32mexpected\u001b[39m\u001b[2m) // Object.is equality\u001b[22m\n\n    Expected: \u001b[32m202\u001b[39m\n    Received: \u001b[31m404\u001b[39m\n\u001b[2m\u001b[22m\n\u001b[2m    \u001b[0m \u001b[90m 49 |\u001b[39m       \u001b[33m.\u001b[39msend()\u001b[33m;\u001b[39m\u001b[22m\n\u001b[2m     \u001b[90m 50 |\u001b[39m\u001b[22m\n\u001b[2m    \u001b[31m\u001b[1m>\u001b[22m\u001b[2m\u001b[39m\u001b[90m 51 |\u001b[39m     expect(response\u001b[33m.\u001b[39mstatus)\u001b[33m.\u001b[39mtoBe(\u001b[35m202\u001b[39m)\u001b[33m;\u001b[39m\u001b[22m\n\u001b[2m     \u001b[90m    |\u001b[39m                             \u001b[31m\u001b[1m^\u001b[22m\u001b[2m\u001b[39m\u001b[22m\n\u001b[2m     \u001b[90m 52 |\u001b[39m     expect(response\u001b[33m.\u001b[39mbody\u001b[33m.\u001b[39mdata)\u001b[33m.\u001b[39mtoHaveProperty(\u001b[32m'jobId'\u001b[39m)\u001b[33m;\u001b[39m\u001b[22m\n\u001b[2m     \u001b[90m 53 |\u001b[39m     expect(response\u001b[33m.\u001b[39mbody\u001b[33m.\u001b[39mdata)\u001b[33m.\u001b[39mtoHaveProperty(\u001b[32m'status'\u001b[39m\u001b[33m,\u001b[39m \u001b[32m'queued'\u001b[39m)\u001b[33m;\u001b[39m\u001b[22m\n\u001b[2m     \u001b[90m 54 |\u001b[39m   })\u001b[33m;\u001b[39m\u001b[0m\u001b[22m\n\u001b[2m\u001b[22m\n\u001b[2m      \u001b[2mat Object.<anonymous> (\u001b[22m\u001b[2m\u001b[0m\u001b[36msrc/__tests__/jobs.test.ts\u001b[39m\u001b[0m\u001b[2m:51:29)\u001b[22m\u001b[2m\u001b[22m\n","name":"C:\\Users\\gabri\\OneDrive\\Documentos\\GitHub\\ERP---OR-AMENTO-SISTEMA\\api-server\\src\\__tests__\\jobs.test.ts","startTime":1780050741713,"status":"failed","summary":""},{"assertionResults":[{"ancestorTitles":["Financeiro Routes"],"duration":9,"failing":false,"failureDetails":[],"failureMessages":[],"fullName":"Financeiro Routes should list contas receber","invocations":1,"location":null,"numPassingAsserts":3,"retryReasons":[],"startAt":1780050747548,"status":"passed","title":"should list contas receber"},{"ancestorTitles":["Financeiro Routes"],"duration":7,"failing":false,"failureDetails":[],"failureMessages":[],"fullName":"Financeiro Routes should pay a conta receber","invocations":1,"location":null,"numPassingAsserts":2,"retryReasons":[],"startAt":1780050747559,"status":"passed","title":"should pay a conta receber"},{"ancestorTitles":["Financeiro Routes"],"duration":7,"failing":false,"failureDetails":[],"failureMessages":[],"fullName":"Financeiro Routes should create a conta a pagar","invocations":1,"location":null,"numPassingAsserts":2,"retryReasons":[],"startAt":1780050747566,"status":"passed","title":"should create a conta a pagar"},{"ancestorTitles":["Financeiro Routes"],"duration":6,"failing":false,"failureDetails":[],"failureMessages":[],"fullName":"Financeiro Routes should pay a conta a pagar","invocations":1,"location":null,"numPassingAsserts":2,"retryReasons":[],"startAt":1780050747575,"status":"passed","title":"should pay a conta a pagar"}],"endTime":1780050747582,"message":"","name":"C:\\Users\\gabri\\OneDrive\\Documentos\\GitHub\\ERP---OR-AMENTO-SISTEMA\\api-server\\src\\__tests__\\financeiro.test.ts","startTime":1780050746522,"status":"passed","summary":""},{"assertionResults":[{"ancestorTitles":["Clientes Routes","GET /api/clientes"],"duration":9,"failing":false,"failureDetails":[],"failureMessages":[],"fullName":"Clientes Routes GET /api/clientes should list clientes with valid auth","invocations":1,"location":null,"numPassingAsserts":3,"retryReasons":[],"startAt":1780050748519,"status":"passed","title":"should list clientes with valid auth"},{"ancestorTitles":["Clientes Routes","GET /api/clientes"],"duration":5,"failing":false,"failureDetails":[],"failureMessages":[],"fullName":"Clientes Routes GET /api/clientes should return 401 without auth","invocations":1,"location":null,"numPassingAsserts":1,"retryReasons":[],"startAt":1780050748529,"status":"passed","title":"should return 401 without auth"},{"ancestorTitles":["Clientes Routes","GET /api/clientes"],"duration":6,"failing":false,"failureDetails":[],"failureMessages":[],"fullName":"Clientes Routes GET /api/clientes should support search query","invocations":1,"location":null,"numPassingAsserts":1,"retryReasons":[],"startAt":1780050748535,"status":"passed","title":"should support search query"},{"ancestorTitles":["Clientes Routes","GET /api/clientes"],"duration":5,"failing":false,"failureDetails":[],"failureMessages":[],"fullName":"Clientes Routes GET /api/clientes should support pagination","invocations":1,"location":null,"numPassingAsserts":2,"retryReasons":[],"startAt":1780050748542,"status":"passed","title":"should support pagination"},{"ancestorTitles":["Clientes Routes","POST /api/clientes"],"duration":5,"failing":false,"failureDetails":[],"failureMessages":[],"fullName":"Clientes Routes POST /api/clientes should create cliente with valid data","invocations":1,"location":null,"numPassingAsserts":4,"retryReasons":[],"startAt":1780050748547,"status":"passed","title":"should create cliente with valid data"},{"ancestorTitles":["Clientes Routes","POST /api/clientes"],"duration":7,"failing":false,"failureDetails":[],"failureMessages":[],"fullName":"Clientes Routes POST /api/clientes should return 400 with invalid email","invocations":1,"location":null,"numPassingAsserts":1,"retryReasons":[],"startAt":1780050748553,"status":"passed","title":"should return 400 with invalid email"},{"ancestorTitles":["Clientes Routes","POST /api/clientes"],"duration":5,"failing":false,"failureDetails":[],"failureMessages":[],"fullName":"Clientes Routes POST /api/clientes should return 400 with missing razaoSocial","invocations":1,"location":null,"numPassingAsserts":1,"retryReasons":[],"startAt":1780050748560,"status":"passed","title":"should return 400 with missing razaoSocial"},{"ancestorTitles":["Clientes Routes","POST /api/clientes"],"duration":10,"failing":false,"failureDetails":[],"failureMessages":[],"fullName":"Clientes Routes POST /api/clientes should return 403 without criar permission","invocations":1,"location":null,"numPassingAsserts":1,"retryReasons":[],"startAt":1780050748565,"status":"passed","title":"should return 403 without criar permission"},{"ancestorTitles":["Clientes Routes","GET /api/clientes/:id"],"duration":8,"failing":false,"failureDetails":[],"failureMessages":[],"fullName":"Clientes Routes GET /api/clientes/:id should get cliente by id","invocations":1,"location":null,"numPassingAsserts":2,"retryReasons":[],"startAt":1780050748576,"status":"passed","title":"should get cliente by id"},{"ancestorTitles":["Clientes Routes","GET /api/clientes/:id"],"duration":4,"failing":false,"failureDetails":[],"failureMessages":[],"fullName":"Clientes Routes GET /api/clientes/:id should return 404 for non-existent cliente","invocations":1,"location":null,"numPassingAsserts":1,"retryReasons":[],"startAt":1780050748585,"status":"passed","title":"should return 404 for non-existent cliente"},{"ancestorTitles":["Clientes Routes","PATCH /api/clientes/:id"],"duration":11,"failing":false,"failureDetails":[],"failureMessages":[],"fullName":"Clientes Routes PATCH /api/clientes/:id should update cliente","invocations":1,"location":null,"numPassingAsserts":2,"retryReasons":[],"startAt":1780050748589,"status":"passed","title":"should update cliente"},{"ancestorTitles":["Clientes Routes","PATCH /api/clientes/:id"],"duration":4,"failing":false,"failureDetails":[],"failureMessages":[],"fullName":"Clientes Routes PATCH /api/clientes/:id should return 400 with invalid email","invocations":1,"location":null,"numPassingAsserts":1,"retryReasons":[],"startAt":1780050748600,"status":"passed","title":"should return 400 with invalid email"},{"ancestorTitles":["Clientes Routes","DELETE /api/clientes/:id"],"duration":9,"failing":false,"failureDetails":[],"failureMessages":[],"fullName":"Clientes Routes DELETE /api/clientes/:id should delete cliente","invocations":1,"location":null,"numPassingAsserts":1,"retryReasons":[],"startAt":1780050748605,"status":"passed","title":"should delete cliente"},{"ancestorTitles":["Clientes Routes","DELETE /api/clientes/:id"],"duration":3,"failing":false,"failureDetails":[],"failureMessages":[],"fullName":"Clientes Routes DELETE /api/clientes/:id should return 204 for non-existent cliente","invocations":1,"location":null,"numPassingAsserts":1,"retryReasons":[],"startAt":1780050748615,"status":"passed","title":"should return 204 for non-existent cliente"}],"endTime":1780050748620,"message":"","name":"C:\\Users\\gabri\\OneDrive\\Documentos\\GitHub\\ERP---OR-AMENTO-SISTEMA\\api-server\\src\\__tests__\\clientes.test.ts","startTime":1780050747594,"status":"passed","summary":""},{"assertionResults":[{"ancestorTitles":["Authentication Routes","POST /api/auth/login"],"duration":31,"failing":false,"failureDetails":[],"failureMessages":[],"fullName":"Authentication Routes POST /api/auth/login should login with valid credentials","invocations":1,"location":null,"numPassingAsserts":4,"retryReasons":[],"startAt":1780050749499,"status":"passed","title":"should login with valid credentials"},{"ancestorTitles":["Authentication Routes","POST /api/auth/login"],"duration":5,"failing":false,"failureDetails":[],"failureMessages":[],"fullName":"Authentication Routes POST /api/auth/login should return 401 with invalid credentials","invocations":1,"location":null,"numPassingAsserts":2,"retryReasons":[],"startAt":1780050749531,"status":"passed","title":"should return 401 with invalid credentials"},{"ancestorTitles":["Authentication Routes","POST /api/auth/login"],"duration":6,"failing":false,"failureDetails":[],"failureMessages":[],"fullName":"Authentication Routes POST /api/auth/login should return 401 with non-existent email","invocations":1,"location":null,"numPassingAsserts":1,"retryReasons":[],"startAt":1780050749537,"status":"passed","title":"should return 401 with non-existent email"},{"ancestorTitles":["Authentication Routes","POST /api/auth/login"],"duration":5,"failing":false,"failureDetails":[],"failureMessages":[],"fullName":"Authentication Routes POST /api/auth/login should return 400 with invalid email format","invocations":1,"location":null,"numPassingAsserts":1,"retryReasons":[],"startAt":1780050749543,"status":"passed","title":"should return 400 with invalid email format"},{"ancestorTitles":["Authentication Routes","POST /api/auth/login"],"duration":4,"failing":false,"failureDetails":[],"failureMessages":[],"fullName":"Authentication Routes POST /api/auth/login should return 400 with missing fields","invocations":1,"location":null,"numPassingAsserts":1,"retryReasons":[],"startAt":1780050749549,"status":"passed","title":"should return 400 with missing fields"},{"ancestorTitles":["Authentication Routes","POST /api/auth/logout"],"duration":11,"failing":false,"failureDetails":[],"failureMessages":[],"fullName":"Authentication Routes POST /api/auth/logout should logout with valid token","invocations":1,"location":null,"numPassingAsserts":3,"retryReasons":[],"startAt":1780050749554,"status":"passed","title":"should logout with valid token"},{"ancestorTitles":["Authentication Routes","POST /api/auth/logout"],"duration":5,"failing":false,"failureDetails":[],"failureMessages":[],"fullName":"Authentication Routes POST /api/auth/logout should logout without refresh token","invocations":1,"location":null,"numPassingAsserts":1,"retryReasons":[],"startAt":1780050749565,"status":"passed","title":"should logout without refresh token"},{"ancestorTitles":["Authentication Routes","GET /api/auth/me"],"duration":10,"failing":false,"failureDetails":[],"failureMessages":[],"fullName":"Authentication Routes GET /api/auth/me should return user profile with valid token","invocations":1,"location":null,"numPassingAsserts":5,"retryReasons":[],"startAt":1780050749571,"status":"passed","title":"should return user profile with valid token"},{"ancestorTitles":["Authentication Routes","GET /api/auth/me"],"duration":12,"failing":false,"failureDetails":[],"failureMessages":[],"fullName":"Authentication Routes GET /api/auth/me should return 401 without token","invocations":1,"location":null,"numPassingAsserts":1,"retryReasons":[],"startAt":1780050749582,"status":"passed","title":"should return 401 without token"},{"ancestorTitles":["Authentication Routes","GET /api/auth/me"],"duration":4,"failing":false,"failureDetails":[],"failureMessages":[],"fullName":"Authentication Routes GET /api/auth/me should return 401 with invalid token","invocations":1,"location":null,"numPassingAsserts":1,"retryReasons":[],"startAt":1780050749595,"status":"passed","title":"should return 401 with invalid token"},{"ancestorTitles":["Authentication Routes","POST /api/auth/refresh"],"duration":10,"failing":false,"failureDetails":[],"failureMessages":[],"fullName":"Authentication Routes POST /api/auth/refresh should refresh token with valid refresh token","invocations":1,"location":null,"numPassingAsserts":4,"retryReasons":[],"startAt":1780050749600,"status":"passed","title":"should refresh token with valid refresh token"},{"ancestorTitles":["Authentication Routes","POST /api/auth/refresh"],"duration":4,"failing":false,"failureDetails":[],"failureMessages":[],"fullName":"Authentication Routes POST /api/auth/refresh should return 401 with invalid refresh token","invocations":1,"location":null,"numPassingAsserts":1,"retryReasons":[],"startAt":1780050749610,"status":"passed","title":"should return 401 with invalid refresh token"},{"ancestorTitles":["Authentication Routes","POST /api/auth/refresh"],"duration":4,"failing":false,"failureDetails":[],"failureMessages":[],"fullName":"Authentication Routes POST /api/auth/refresh should return 400 with missing refresh token","invocations":1,"location":null,"numPassingAsserts":1,"retryReasons":[],"startAt":1780050749615,"status":"passed","title":"should return 400 with missing refresh token"}],"endTime":1780050749621,"message":"","name":"C:\\Users\\gabri\\OneDrive\\Documentos\\GitHub\\ERP---OR-AMENTO-SISTEMA\\api-server\\src\\__tests__\\auth.test.ts","startTime":1780050748631,"status":"passed","summary":""},{"assertionResults":[{"ancestorTitles":["Produtos Routes","GET /api/produtos"],"duration":10,"failing":false,"failureDetails":[],"failureMessages":[],"fullName":"Produtos Routes GET /api/produtos should list produtos with valid auth","invocations":1,"location":null,"numPassingAsserts":3,"retryReasons":[],"startAt":1780050750529,"status":"passed","title":"should list produtos with valid auth"},{"ancestorTitles":["Produtos Routes","GET /api/produtos"],"duration":5,"failing":false,"failureDetails":[],"failureMessages":[],"fullName":"Produtos Routes GET /api/produtos should return 401 without auth","invocations":1,"location":null,"numPassingAsserts":1,"retryReasons":[],"startAt":1780050750541,"status":"passed","title":"should return 401 without auth"},{"ancestorTitles":["Produtos Routes","GET /api/produtos"],"duration":4,"failing":false,"failureDetails":[],"failureMessages":[],"fullName":"Produtos Routes GET /api/produtos should support search query","invocations":1,"location":null,"numPassingAsserts":1,"retryReasons":[],"startAt":1780050750546,"status":"passed","title":"should support search query"},{"ancestorTitles":["Produtos Routes","GET /api/produtos"],"duration":5,"failing":false,"failureDetails":[],"failureMessages":[],"fullName":"Produtos Routes GET /api/produtos should support pagination","invocations":1,"location":null,"numPassingAsserts":2,"retryReasons":[],"startAt":1780050750551,"status":"passed","title":"should support pagination"},{"ancestorTitles":["Produtos Routes","POST /api/produtos"],"duration":7,"failing":false,"failureDetails":[],"failureMessages":[],"fullName":"Produtos Routes POST /api/produtos should create produto with valid data","invocations":1,"location":null,"numPassingAsserts":4,"retryReasons":[],"startAt":1780050750557,"status":"passed","title":"should create produto with valid data"},{"ancestorTitles":["Produtos Routes","POST /api/produtos"],"duration":5,"failing":false,"failureDetails":[],"failureMessages":[],"fullName":"Produtos Routes POST /api/produtos should return 400 with negative valor","invocations":1,"location":null,"numPassingAsserts":1,"retryReasons":[],"startAt":1780050750565,"status":"passed","title":"should return 400 with negative valor"},{"ancestorTitles":["Produtos Routes","POST /api/produtos"],"duration":6,"failing":false,"failureDetails":[],"failureMessages":[],"fullName":"Produtos Routes POST /api/produtos should return 400 with missing nome","invocations":1,"location":null,"numPassingAsserts":1,"retryReasons":[],"startAt":1780050750570,"status":"passed","title":"should return 400 with missing nome"},{"ancestorTitles":["Produtos Routes","GET /api/produtos/:id"],"duration":13,"failing":false,"failureDetails":[],"failureMessages":[],"fullName":"Produtos Routes GET /api/produtos/:id should get produto by id","invocations":1,"location":null,"numPassingAsserts":2,"retryReasons":[],"startAt":1780050750577,"status":"passed","title":"should get produto by id"},{"ancestorTitles":["Produtos Routes","GET /api/produtos/:id"],"duration":6,"failing":false,"failureDetails":[],"failureMessages":[],"fullName":"Produtos Routes GET /api/produtos/:id should return 404 for non-existent produto","invocations":1,"location":null,"numPassingAsserts":1,"retryReasons":[],"startAt":1780050750590,"status":"passed","title":"should return 404 for non-existent produto"},{"ancestorTitles":["Produtos Routes","PATCH /api/produtos/:id"],"duration":9,"failing":false,"failureDetails":[],"failureMessages":[],"fullName":"Produtos Routes PATCH /api/produtos/:id should update produto","invocations":1,"location":null,"numPassingAsserts":2,"retryReasons":[],"startAt":1780050750597,"status":"passed","title":"should update produto"},{"ancestorTitles":["Produtos Routes","PATCH /api/produtos/:id"],"duration":6,"failing":false,"failureDetails":[],"failureMessages":[],"fullName":"Produtos Routes PATCH /api/produtos/:id should return 400 with negative valor","invocations":1,"location":null,"numPassingAsserts":1,"retryReasons":[],"startAt":1780050750607,"status":"passed","title":"should return 400 with negative valor"},{"ancestorTitles":["Produtos Routes","DELETE /api/produtos/:id"],"duration":8,"failing":false,"failureDetails":[],"failureMessages":[],"fullName":"Produtos Routes DELETE /api/produtos/:id should delete produto","invocations":1,"location":null,"numPassingAsserts":1,"retryReasons":[],"startAt":1780050750614,"status":"passed","title":"should delete produto"},{"ancestorTitles":["Produtos Routes","DELETE /api/produtos/:id"],"duration":5,"failing":false,"failureDetails":[],"failureMessages":[],"fullName":"Produtos Routes DELETE /api/produtos/:id should return 204 for non-existent produto","invocations":1,"location":null,"numPassingAsserts":1,"retryReasons":[],"startAt":1780050750623,"status":"passed","title":"should return 204 for non-existent produto"}],"endTime":1780050750631,"message":"","name":"C:\\Users\\gabri\\OneDrive\\Documentos\\GitHub\\ERP---OR-AMENTO-SISTEMA\\api-server\\src\\__tests__\\produtos.test.ts","startTime":1780050749631,"status":"passed","summary":""},{"assertionResults":[{"ancestorTitles":["Orcamentos Routes"],"duration":27,"failing":false,"failureDetails":[],"failureMessages":[],"fullName":"Orcamentos Routes should create orcamento with valid itens","invocations":1,"location":null,"numPassingAsserts":6,"retryReasons":[],"startAt":1780050751615,"status":"passed","title":"should create orcamento with valid itens"},{"ancestorTitles":["Orcamentos Routes"],"duration":6,"failing":false,"failureDetails":[],"failureMessages":[],"fullName":"Orcamentos Routes should reject orcamento without clienteId","invocations":1,"location":null,"numPassingAsserts":2,"retryReasons":[],"startAt":1780050751644,"status":"passed","title":"should reject orcamento without clienteId"},{"ancestorTitles":["Orcamentos Routes"],"duration":5,"failing":false,"failureDetails":[],"failureMessages":[],"fullName":"Orcamentos Routes should convert orcamento into venda","invocations":1,"location":null,"numPassingAsserts":4,"retryReasons":[],"startAt":1780050751650,"status":"passed","title":"should convert orcamento into venda"},{"ancestorTitles":["Orcamentos Routes"],"duration":14,"failing":false,"failureDetails":[],"failureMessages":[],"fullName":"Orcamentos Routes should reject converter quando orçamento já convertido","invocations":1,"location":null,"numPassingAsserts":4,"retryReasons":[],"startAt":1780050751656,"status":"passed","title":"should reject converter quando orçamento já convertido"}],"endTime":1780050751671,"message":"","name":"C:\\Users\\gabri\\OneDrive\\Documentos\\GitHub\\ERP---OR-AMENTO-SISTEMA\\api-server\\src\\__tests__\\orcamentos.test.ts","startTime":1780050750643,"status":"passed","summary":""},{"assertionResults":[{"ancestorTitles":["Vendas Routes"],"duration":20,"failing":false,"failureDetails":[],"failureMessages":[],"fullName":"Vendas Routes should create venda with valid itens","invocations":1,"location":null,"numPassingAsserts":6,"retryReasons":[],"startAt":1780050752801,"status":"passed","title":"should create venda with valid itens"},{"ancestorTitles":["Vendas Routes"],"duration":8,"failing":false,"failureDetails":[],"failureMessages":[],"fullName":"Vendas Routes should list vendas with pagination metadata","invocations":1,"location":null,"numPassingAsserts":5,"retryReasons":[],"startAt":1780050752822,"status":"passed","title":"should list vendas with pagination metadata"},{"ancestorTitles":["Vendas Routes"],"duration":17,"failing":false,"failureDetails":[],"failureMessages":[],"fullName":"Vendas Routes should reject venda with empty itens","invocations":1,"location":null,"numPassingAsserts":2,"retryReasons":[],"startAt":1780050752830,"status":"passed","title":"should reject venda with empty itens"}],"endTime":1780050752851,"message":"","name":"C:\\Users\\gabri\\OneDrive\\Documentos\\GitHub\\ERP---OR-AMENTO-SISTEMA\\api-server\\src\\__tests__\\vendas.test.ts","startTime":1780050751691,"status":"passed","summary":""},{"assertionResults":[{"ancestorTitles":["Ordem de Serviço Routes"],"duration":8,"failing":false,"failureDetails":[],"failureMessages":[],"fullName":"Ordem de Serviço Routes should return an empty OS list","invocations":1,"location":null,"numPassingAsserts":3,"retryReasons":[],"startAt":1780050753794,"status":"passed","title":"should return an empty OS list"},{"ancestorTitles":["Ordem de Serviço Routes"],"duration":5,"failing":false,"failureDetails":[],"failureMessages":[],"fullName":"Ordem de Serviço Routes should return OS details for a valid ID","invocations":1,"location":null,"numPassingAsserts":3,"retryReasons":[],"startAt":1780050753803,"status":"passed","title":"should return OS details for a valid ID"},{"ancestorTitles":["Ordem de Serviço Routes"],"duration":8,"failing":false,"failureDetails":[],"failureMessages":[],"fullName":"Ordem de Serviço Routes should advance OS stage when valid","invocations":1,"location":null,"numPassingAsserts":2,"retryReasons":[],"startAt":1780050753808,"status":"passed","title":"should advance OS stage when valid"},{"ancestorTitles":["Ordem de Serviço Routes"],"duration":5,"failing":false,"failureDetails":[],"failureMessages":[],"fullName":"Ordem de Serviço Routes should create an observation for OS","invocations":1,"location":null,"numPassingAsserts":2,"retryReasons":[],"startAt":1780050753816,"status":"passed","title":"should create an observation for OS"},{"ancestorTitles":["Ordem de Serviço Routes"],"duration":5,"failing":false,"failureDetails":[],"failureMessages":[],"fullName":"Ordem de Serviço Routes should return printable OS payload","invocations":1,"location":null,"numPassingAsserts":3,"retryReasons":[],"startAt":1780050753822,"status":"passed","title":"should return printable OS payload"}],"endTime":1780050753830,"message":"","name":"C:\\Users\\gabri\\OneDrive\\Documentos\\GitHub\\ERP---OR-AMENTO-SISTEMA\\api-server\\src\\__tests__\\os.test.ts","startTime":1780050752912,"status":"passed","summary":""},{"assertionResults":[{"ancestorTitles":["Health Check Endpoint"],"duration":14,"failing":false,"failureDetails":[],"failureMessages":[],"fullName":"Health Check Endpoint should return 200 OK for health check","invocations":1,"location":null,"numPassingAsserts":2,"retryReasons":[],"startAt":1780050754681,"status":"passed","title":"should return 200 OK for health check"},{"ancestorTitles":["Health Check Endpoint"],"duration":4,"failing":false,"failureDetails":[],"failureMessages":[],"fullName":"Health Check Endpoint should return 200 OK for api/health","invocations":1,"location":null,"numPassingAsserts":2,"retryReasons":[],"startAt":1780050754696,"status":"passed","title":"should return 200 OK for api/health"}],"endTime":1780050754702,"message":"","name":"C:\\Users\\gabri\\OneDrive\\Documentos\\GitHub\\ERP---OR-AMENTO-SISTEMA\\api-server\\src\\__tests__\\health.test.ts","startTime":1780050753840,"status":"passed","summary":""},{"assertionResults":[{"ancestorTitles":["Rate Limiter Middleware"],"duration":1,"failing":false,"failureDetails":[],"failureMessages":[],"fullName":"Rate Limiter Middleware should export general limiter","invocations":1,"location":null,"numPassingAsserts":2,"retryReasons":[],"startAt":1780050754805,"status":"passed","title":"should export general limiter"},{"ancestorTitles":["Rate Limiter Middleware"],"duration":1,"failing":false,"failureDetails":[],"failureMessages":[],"fullName":"Rate Limiter Middleware should export login limiter","invocations":1,"location":null,"numPassingAsserts":2,"retryReasons":[],"startAt":1780050754807,"status":"passed","title":"should export login limiter"},{"ancestorTitles":["Rate Limiter Middleware"],"duration":1,"failing":false,"failureDetails":[],"failureMessages":[],"fullName":"Rate Limiter Middleware should have different limiters for general and login","invocations":1,"location":null,"numPassingAsserts":1,"retryReasons":[],"startAt":1780050754808,"status":"passed","title":"should have different limiters for general and login"}],"endTime":1780050754810,"message":"","name":"C:\\Users\\gabri\\OneDrive\\Documentos\\GitHub\\ERP---OR-AMENTO-SISTEMA\\api-server\\src\\__tests__\\middleware\\rateLimiter.test.ts","startTime":1780050754712,"status":"passed","summary":""}],"wasInterrupted":false}
