{"numFailedTestSuites":0,"numFailedTests":0,"numPassedTestSuites":9,"numPassedTests":61,"numPendingTestSuites":0,"numPendingTests":0,"numRuntimeErrorTestSuites":0,"numTodoTests":0,"numTotalTestSuites":9,"numTotalTests":61,"openHandles":[],"snapshot":{"added":0,"didUpdate":false,"failure":false,"filesAdded":0,"filesRemoved":0,"filesRemovedList":[],"filesUnmatched":0,"filesUpdated":0,"matched":0,"total":0,"unchecked":0,"uncheckedKeysByFile":[],"unmatched":0,"updated":0},"startTime":1779924440420,"success":true,"testResults":[{"assertionResults":[{"ancestorTitles":["Vendas Routes"],"duration":16,"failing":false,"failureDetails":[],"failureMessages":[],"fullName":"Vendas Routes should create venda with valid itens","invocations":1,"location":null,"numPassingAsserts":6,"retryReasons":[],"startAt":1779924444137,"status":"passed","title":"should create venda with valid itens"},{"ancestorTitles":["Vendas Routes"],"duration":6,"failing":false,"failureDetails":[],"failureMessages":[],"fullName":"Vendas Routes should list vendas with pagination metadata","invocations":1,"location":null,"numPassingAsserts":5,"retryReasons":[],"startAt":1779924444155,"status":"passed","title":"should list vendas with pagination metadata"},{"ancestorTitles":["Vendas Routes"],"duration":9,"failing":false,"failureDetails":[],"failureMessages":[],"fullName":"Vendas Routes should reject venda with empty itens","invocations":1,"location":null,"numPassingAsserts":2,"retryReasons":[],"startAt":1779924444161,"status":"passed","title":"should reject venda with empty itens"}],"endTime":1779924444171,"message":"","name":"C:\\Users\\gabri\\OneDrive\\Documentos\\GitHub\\ERP---OR-AMENTO-SISTEMA\\api-server\\src\\__tests__\\vendas.test.ts","startTime":1779924440762,"status":"passed","summary":""},{"assertionResults":[{"ancestorTitles":["Orcamentos Routes"],"duration":13,"failing":false,"failureDetails":[],"failureMessages":[],"fullName":"Orcamentos Routes should create orcamento with valid itens","invocations":1,"location":null,"numPassingAsserts":6,"retryReasons":[],"startAt":1779924444968,"status":"passed","title":"should create orcamento with valid itens"},{"ancestorTitles":["Orcamentos Routes"],"duration":7,"failing":false,"failureDetails":[],"failureMessages":[],"fullName":"Orcamentos Routes should reject orcamento without clienteId","invocations":1,"location":null,"numPassingAsserts":2,"retryReasons":[],"startAt":1779924444983,"status":"passed","title":"should reject orcamento without clienteId"},{"ancestorTitles":["Orcamentos Routes"],"duration":8,"failing":false,"failureDetails":[],"failureMessages":[],"fullName":"Orcamentos Routes should convert orcamento into venda","invocations":1,"location":null,"numPassingAsserts":4,"retryReasons":[],"startAt":1779924444991,"status":"passed","title":"should convert orcamento into venda"},{"ancestorTitles":["Orcamentos Routes"],"duration":10,"failing":false,"failureDetails":[],"failureMessages":[],"fullName":"Orcamentos Routes should reject converter quando orçamento já convertido","invocations":1,"location":null,"numPassingAsserts":4,"retryReasons":[],"startAt":1779924445000,"status":"passed","title":"should reject converter quando orçamento já convertido"}],"endTime":1779924445012,"message":"","name":"C:\\Users\\gabri\\OneDrive\\Documentos\\GitHub\\ERP---OR-AMENTO-SISTEMA\\api-server\\src\\__tests__\\orcamentos.test.ts","startTime":1779924444192,"status":"passed","summary":""},{"assertionResults":[{"ancestorTitles":["Authentication Routes","POST /api/auth/login"],"duration":39,"failing":false,"failureDetails":[],"failureMessages":[],"fullName":"Authentication Routes POST /api/auth/login should login with valid credentials","invocations":1,"location":null,"numPassingAsserts":4,"retryReasons":[],"startAt":1779924445728,"status":"passed","title":"should login with valid credentials"},{"ancestorTitles":["Authentication Routes","POST /api/auth/login"],"duration":6,"failing":false,"failureDetails":[],"failureMessages":[],"fullName":"Authentication Routes POST /api/auth/login should return 401 with invalid credentials","invocations":1,"location":null,"numPassingAsserts":2,"retryReasons":[],"startAt":1779924445768,"status":"passed","title":"should return 401 with invalid credentials"},{"ancestorTitles":["Authentication Routes","POST /api/auth/login"],"duration":10,"failing":false,"failureDetails":[],"failureMessages":[],"fullName":"Authentication Routes POST /api/auth/login should return 401 with non-existent email","invocations":1,"location":null,"numPassingAsserts":1,"retryReasons":[],"startAt":1779924445775,"status":"passed","title":"should return 401 with non-existent email"},{"ancestorTitles":["Authentication Routes","POST /api/auth/login"],"duration":6,"failing":false,"failureDetails":[],"failureMessages":[],"fullName":"Authentication Routes POST /api/auth/login should return 400 with invalid email format","invocations":1,"location":null,"numPassingAsserts":1,"retryReasons":[],"startAt":1779924445786,"status":"passed","title":"should return 400 with invalid email format"},{"ancestorTitles":["Authentication Routes","POST /api/auth/login"],"duration":7,"failing":false,"failureDetails":[],"failureMessages":[],"fullName":"Authentication Routes POST /api/auth/login should return 400 with missing fields","invocations":1,"location":null,"numPassingAsserts":1,"retryReasons":[],"startAt":1779924445793,"status":"passed","title":"should return 400 with missing fields"},{"ancestorTitles":["Authentication Routes","POST /api/auth/logout"],"duration":9,"failing":false,"failureDetails":[],"failureMessages":[],"fullName":"Authentication Routes POST /api/auth/logout should logout with valid token","invocations":1,"location":null,"numPassingAsserts":3,"retryReasons":[],"startAt":1779924445801,"status":"passed","title":"should logout with valid token"},{"ancestorTitles":["Authentication Routes","POST /api/auth/logout"],"duration":7,"failing":false,"failureDetails":[],"failureMessages":[],"fullName":"Authentication Routes POST /api/auth/logout should logout without refresh token","invocations":1,"location":null,"numPassingAsserts":1,"retryReasons":[],"startAt":1779924445811,"status":"passed","title":"should logout without refresh token"},{"ancestorTitles":["Authentication Routes","GET /api/auth/me"],"duration":10,"failing":false,"failureDetails":[],"failureMessages":[],"fullName":"Authentication Routes GET /api/auth/me should return user profile with valid token","invocations":1,"location":null,"numPassingAsserts":5,"retryReasons":[],"startAt":1779924445819,"status":"passed","title":"should return user profile with valid token"},{"ancestorTitles":["Authentication Routes","GET /api/auth/me"],"duration":7,"failing":false,"failureDetails":[],"failureMessages":[],"fullName":"Authentication Routes GET /api/auth/me should return 401 without token","invocations":1,"location":null,"numPassingAsserts":1,"retryReasons":[],"startAt":1779924445829,"status":"passed","title":"should return 401 without token"},{"ancestorTitles":["Authentication Routes","GET /api/auth/me"],"duration":4,"failing":false,"failureDetails":[],"failureMessages":[],"fullName":"Authentication Routes GET /api/auth/me should return 401 with invalid token","invocations":1,"location":null,"numPassingAsserts":1,"retryReasons":[],"startAt":1779924445837,"status":"passed","title":"should return 401 with invalid token"},{"ancestorTitles":["Authentication Routes","POST /api/auth/refresh"],"duration":15,"failing":false,"failureDetails":[],"failureMessages":[],"fullName":"Authentication Routes POST /api/auth/refresh should refresh token with valid refresh token","invocations":1,"location":null,"numPassingAsserts":4,"retryReasons":[],"startAt":1779924445841,"status":"passed","title":"should refresh token with valid refresh token"},{"ancestorTitles":["Authentication Routes","POST /api/auth/refresh"],"duration":6,"failing":false,"failureDetails":[],"failureMessages":[],"fullName":"Authentication Routes POST /api/auth/refresh should return 401 with invalid refresh token","invocations":1,"location":null,"numPassingAsserts":1,"retryReasons":[],"startAt":1779924445856,"status":"passed","title":"should return 401 with invalid refresh token"},{"ancestorTitles":["Authentication Routes","POST /api/auth/refresh"],"duration":8,"failing":false,"failureDetails":[],"failureMessages":[],"fullName":"Authentication Routes POST /api/auth/refresh should return 400 with missing refresh token","invocations":1,"location":null,"numPassingAsserts":1,"retryReasons":[],"startAt":1779924445862,"status":"passed","title":"should return 400 with missing refresh token"}],"endTime":1779924445872,"message":"","name":"C:\\Users\\gabri\\OneDrive\\Documentos\\GitHub\\ERP---OR-AMENTO-SISTEMA\\api-server\\src\\__tests__\\auth.test.ts","startTime":1779924445026,"status":"passed","summary":""},{"assertionResults":[{"ancestorTitles":["Produtos Routes","GET /api/produtos"],"duration":8,"failing":false,"failureDetails":[],"failureMessages":[],"fullName":"Produtos Routes GET /api/produtos should list produtos with valid auth","invocations":1,"location":null,"numPassingAsserts":3,"retryReasons":[],"startAt":1779924446622,"status":"passed","title":"should list produtos with valid auth"},{"ancestorTitles":["Produtos Routes","GET /api/produtos"],"duration":5,"failing":false,"failureDetails":[],"failureMessages":[],"fullName":"Produtos Routes GET /api/produtos should return 401 without auth","invocations":1,"location":null,"numPassingAsserts":1,"retryReasons":[],"startAt":1779924446634,"status":"passed","title":"should return 401 without auth"},{"ancestorTitles":["Produtos Routes","GET /api/produtos"],"duration":5,"failing":false,"failureDetails":[],"failureMessages":[],"fullName":"Produtos Routes GET /api/produtos should support search query","invocations":1,"location":null,"numPassingAsserts":1,"retryReasons":[],"startAt":1779924446639,"status":"passed","title":"should support search query"},{"ancestorTitles":["Produtos Routes","GET /api/produtos"],"duration":9,"failing":false,"failureDetails":[],"failureMessages":[],"fullName":"Produtos Routes GET /api/produtos should support pagination","invocations":1,"location":null,"numPassingAsserts":2,"retryReasons":[],"startAt":1779924446645,"status":"passed","title":"should support pagination"},{"ancestorTitles":["Produtos Routes","POST /api/produtos"],"duration":7,"failing":false,"failureDetails":[],"failureMessages":[],"fullName":"Produtos Routes POST /api/produtos should create produto with valid data","invocations":1,"location":null,"numPassingAsserts":4,"retryReasons":[],"startAt":1779924446654,"status":"passed","title":"should create produto with valid data"},{"ancestorTitles":["Produtos Routes","POST /api/produtos"],"duration":7,"failing":false,"failureDetails":[],"failureMessages":[],"fullName":"Produtos Routes POST /api/produtos should return 400 with negative valor","invocations":1,"location":null,"numPassingAsserts":1,"retryReasons":[],"startAt":1779924446662,"status":"passed","title":"should return 400 with negative valor"},{"ancestorTitles":["Produtos Routes","POST /api/produtos"],"duration":5,"failing":false,"failureDetails":[],"failureMessages":[],"fullName":"Produtos Routes POST /api/produtos should return 400 with missing nome","invocations":1,"location":null,"numPassingAsserts":1,"retryReasons":[],"startAt":1779924446669,"status":"passed","title":"should return 400 with missing nome"},{"ancestorTitles":["Produtos Routes","GET /api/produtos/:id"],"duration":12,"failing":false,"failureDetails":[],"failureMessages":[],"fullName":"Produtos Routes GET /api/produtos/:id should get produto by id","invocations":1,"location":null,"numPassingAsserts":2,"retryReasons":[],"startAt":1779924446675,"status":"passed","title":"should get produto by id"},{"ancestorTitles":["Produtos Routes","GET /api/produtos/:id"],"duration":4,"failing":false,"failureDetails":[],"failureMessages":[],"fullName":"Produtos Routes GET /api/produtos/:id should return 404 for non-existent produto","invocations":1,"location":null,"numPassingAsserts":1,"retryReasons":[],"startAt":1779924446688,"status":"passed","title":"should return 404 for non-existent produto"},{"ancestorTitles":["Produtos Routes","PATCH /api/produtos/:id"],"duration":12,"failing":false,"failureDetails":[],"failureMessages":[],"fullName":"Produtos Routes PATCH /api/produtos/:id should update produto","invocations":1,"location":null,"numPassingAsserts":2,"retryReasons":[],"startAt":1779924446693,"status":"passed","title":"should update produto"},{"ancestorTitles":["Produtos Routes","PATCH /api/produtos/:id"],"duration":4,"failing":false,"failureDetails":[],"failureMessages":[],"fullName":"Produtos Routes PATCH /api/produtos/:id should return 400 with negative valor","invocations":1,"location":null,"numPassingAsserts":1,"retryReasons":[],"startAt":1779924446706,"status":"passed","title":"should return 400 with negative valor"},{"ancestorTitles":["Produtos Routes","DELETE /api/produtos/:id"],"duration":13,"failing":false,"failureDetails":[],"failureMessages":[],"fullName":"Produtos Routes DELETE /api/produtos/:id should delete produto","invocations":1,"location":null,"numPassingAsserts":1,"retryReasons":[],"startAt":1779924446711,"status":"passed","title":"should delete produto"},{"ancestorTitles":["Produtos Routes","DELETE /api/produtos/:id"],"duration":4,"failing":false,"failureDetails":[],"failureMessages":[],"fullName":"Produtos Routes DELETE /api/produtos/:id should return 204 for non-existent produto","invocations":1,"location":null,"numPassingAsserts":1,"retryReasons":[],"startAt":1779924446725,"status":"passed","title":"should return 204 for non-existent produto"}],"endTime":1779924446738,"message":"","name":"C:\\Users\\gabri\\OneDrive\\Documentos\\GitHub\\ERP---OR-AMENTO-SISTEMA\\api-server\\src\\__tests__\\produtos.test.ts","startTime":1779924445887,"status":"passed","summary":""},{"assertionResults":[{"ancestorTitles":["Clientes Routes","GET /api/clientes"],"duration":9,"failing":false,"failureDetails":[],"failureMessages":[],"fullName":"Clientes Routes GET /api/clientes should list clientes with valid auth","invocations":1,"location":null,"numPassingAsserts":3,"retryReasons":[],"startAt":1779924447496,"status":"passed","title":"should list clientes with valid auth"},{"ancestorTitles":["Clientes Routes","GET /api/clientes"],"duration":5,"failing":false,"failureDetails":[],"failureMessages":[],"fullName":"Clientes Routes GET /api/clientes should return 401 without auth","invocations":1,"location":null,"numPassingAsserts":1,"retryReasons":[],"startAt":1779924447506,"status":"passed","title":"should return 401 without auth"},{"ancestorTitles":["Clientes Routes","GET /api/clientes"],"duration":9,"failing":false,"failureDetails":[],"failureMessages":[],"fullName":"Clientes Routes GET /api/clientes should support search query","invocations":1,"location":null,"numPassingAsserts":1,"retryReasons":[],"startAt":1779924447511,"status":"passed","title":"should support search query"},{"ancestorTitles":["Clientes Routes","GET /api/clientes"],"duration":5,"failing":false,"failureDetails":[],"failureMessages":[],"fullName":"Clientes Routes GET /api/clientes should support pagination","invocations":1,"location":null,"numPassingAsserts":2,"retryReasons":[],"startAt":1779924447520,"status":"passed","title":"should support pagination"},{"ancestorTitles":["Clientes Routes","POST /api/clientes"],"duration":9,"failing":false,"failureDetails":[],"failureMessages":[],"fullName":"Clientes Routes POST /api/clientes should create cliente with valid data","invocations":1,"location":null,"numPassingAsserts":4,"retryReasons":[],"startAt":1779924447526,"status":"passed","title":"should create cliente with valid data"},{"ancestorTitles":["Clientes Routes","POST /api/clientes"],"duration":6,"failing":false,"failureDetails":[],"failureMessages":[],"fullName":"Clientes Routes POST /api/clientes should return 400 with invalid email","invocations":1,"location":null,"numPassingAsserts":1,"retryReasons":[],"startAt":1779924447535,"status":"passed","title":"should return 400 with invalid email"},{"ancestorTitles":["Clientes Routes","POST /api/clientes"],"duration":5,"failing":false,"failureDetails":[],"failureMessages":[],"fullName":"Clientes Routes POST /api/clientes should return 400 with missing razaoSocial","invocations":1,"location":null,"numPassingAsserts":1,"retryReasons":[],"startAt":1779924447541,"status":"passed","title":"should return 400 with missing razaoSocial"},{"ancestorTitles":["Clientes Routes","POST /api/clientes"],"duration":16,"failing":false,"failureDetails":[],"failureMessages":[],"fullName":"Clientes Routes POST /api/clientes should return 403 without criar permission","invocations":1,"location":null,"numPassingAsserts":1,"retryReasons":[],"startAt":1779924447547,"status":"passed","title":"should return 403 without criar permission"},{"ancestorTitles":["Clientes Routes","GET /api/clientes/:id"],"duration":10,"failing":false,"failureDetails":[],"failureMessages":[],"fullName":"Clientes Routes GET /api/clientes/:id should get cliente by id","invocations":1,"location":null,"numPassingAsserts":2,"retryReasons":[],"startAt":1779924447566,"status":"passed","title":"should get cliente by id"},{"ancestorTitles":["Clientes Routes","GET /api/clientes/:id"],"duration":7,"failing":false,"failureDetails":[],"failureMessages":[],"fullName":"Clientes Routes GET /api/clientes/:id should return 404 for non-existent cliente","invocations":1,"location":null,"numPassingAsserts":1,"retryReasons":[],"startAt":1779924447576,"status":"passed","title":"should return 404 for non-existent cliente"},{"ancestorTitles":["Clientes Routes","PATCH /api/clientes/:id"],"duration":9,"failing":false,"failureDetails":[],"failureMessages":[],"fullName":"Clientes Routes PATCH /api/clientes/:id should update cliente","invocations":1,"location":null,"numPassingAsserts":2,"retryReasons":[],"startAt":1779924447584,"status":"passed","title":"should update cliente"},{"ancestorTitles":["Clientes Routes","PATCH /api/clientes/:id"],"duration":7,"failing":false,"failureDetails":[],"failureMessages":[],"fullName":"Clientes Routes PATCH /api/clientes/:id should return 400 with invalid email","invocations":1,"location":null,"numPassingAsserts":1,"retryReasons":[],"startAt":1779924447594,"status":"passed","title":"should return 400 with invalid email"},{"ancestorTitles":["Clientes Routes","DELETE /api/clientes/:id"],"duration":8,"failing":false,"failureDetails":[],"failureMessages":[],"fullName":"Clientes Routes DELETE /api/clientes/:id should delete cliente","invocations":1,"location":null,"numPassingAsserts":1,"retryReasons":[],"startAt":1779924447602,"status":"passed","title":"should delete cliente"},{"ancestorTitles":["Clientes Routes","DELETE /api/clientes/:id"],"duration":7,"failing":false,"failureDetails":[],"failureMessages":[],"fullName":"Clientes Routes DELETE /api/clientes/:id should return 204 for non-existent cliente","invocations":1,"location":null,"numPassingAsserts":1,"retryReasons":[],"startAt":1779924447611,"status":"passed","title":"should return 204 for non-existent cliente"}],"endTime":1779924447621,"message":"","name":"C:\\Users\\gabri\\OneDrive\\Documentos\\GitHub\\ERP---OR-AMENTO-SISTEMA\\api-server\\src\\__tests__\\clientes.test.ts","startTime":1779924446751,"status":"passed","summary":""},{"assertionResults":[{"ancestorTitles":["Financeiro Routes"],"duration":12,"failing":false,"failureDetails":[],"failureMessages":[],"fullName":"Financeiro Routes should list contas receber","invocations":1,"location":null,"numPassingAsserts":3,"retryReasons":[],"startAt":1779924448345,"status":"passed","title":"should list contas receber"},{"ancestorTitles":["Financeiro Routes"],"duration":11,"failing":false,"failureDetails":[],"failureMessages":[],"fullName":"Financeiro Routes should pay a conta receber","invocations":1,"location":null,"numPassingAsserts":2,"retryReasons":[],"startAt":1779924448358,"status":"passed","title":"should pay a conta receber"},{"ancestorTitles":["Financeiro Routes"],"duration":5,"failing":false,"failureDetails":[],"failureMessages":[],"fullName":"Financeiro Routes should create a conta a pagar","invocations":1,"location":null,"numPassingAsserts":2,"retryReasons":[],"startAt":1779924448370,"status":"passed","title":"should create a conta a pagar"},{"ancestorTitles":["Financeiro Routes"],"duration":5,"failing":false,"failureDetails":[],"failureMessages":[],"fullName":"Financeiro Routes should pay a conta a pagar","invocations":1,"location":null,"numPassingAsserts":2,"retryReasons":[],"startAt":1779924448375,"status":"passed","title":"should pay a conta a pagar"}],"endTime":1779924448387,"message":"","name":"C:\\Users\\gabri\\OneDrive\\Documentos\\GitHub\\ERP---OR-AMENTO-SISTEMA\\api-server\\src\\__tests__\\financeiro.test.ts","startTime":1779924447633,"status":"passed","summary":""},{"assertionResults":[{"ancestorTitles":["Ordem de Serviço Routes"],"duration":11,"failing":false,"failureDetails":[],"failureMessages":[],"fullName":"Ordem de Serviço Routes should return an empty OS list","invocations":1,"location":null,"numPassingAsserts":3,"retryReasons":[],"startAt":1779924449160,"status":"passed","title":"should return an empty OS list"},{"ancestorTitles":["Ordem de Serviço Routes"],"duration":18,"failing":false,"failureDetails":[],"failureMessages":[],"fullName":"Ordem de Serviço Routes should return OS details for a valid ID","invocations":1,"location":null,"numPassingAsserts":3,"retryReasons":[],"startAt":1779924449172,"status":"passed","title":"should return OS details for a valid ID"},{"ancestorTitles":["Ordem de Serviço Routes"],"duration":10,"failing":false,"failureDetails":[],"failureMessages":[],"fullName":"Ordem de Serviço Routes should advance OS stage when valid","invocations":1,"location":null,"numPassingAsserts":2,"retryReasons":[],"startAt":1779924449191,"status":"passed","title":"should advance OS stage when valid"},{"ancestorTitles":["Ordem de Serviço Routes"],"duration":7,"failing":false,"failureDetails":[],"failureMessages":[],"fullName":"Ordem de Serviço Routes should create an observation for OS","invocations":1,"location":null,"numPassingAsserts":2,"retryReasons":[],"startAt":1779924449202,"status":"passed","title":"should create an observation for OS"},{"ancestorTitles":["Ordem de Serviço Routes"],"duration":9,"failing":false,"failureDetails":[],"failureMessages":[],"fullName":"Ordem de Serviço Routes should return printable OS payload","invocations":1,"location":null,"numPassingAsserts":3,"retryReasons":[],"startAt":1779924449210,"status":"passed","title":"should return printable OS payload"}],"endTime":1779924449222,"message":"","name":"C:\\Users\\gabri\\OneDrive\\Documentos\\GitHub\\ERP---OR-AMENTO-SISTEMA\\api-server\\src\\__tests__\\os.test.ts","startTime":1779924448397,"status":"passed","summary":""},{"assertionResults":[{"ancestorTitles":["Health Check Endpoint"],"duration":17,"failing":false,"failureDetails":[],"failureMessages":[],"fullName":"Health Check Endpoint should return 200 OK for health check","invocations":1,"location":null,"numPassingAsserts":2,"retryReasons":[],"startAt":1779924449902,"status":"passed","title":"should return 200 OK for health check"},{"ancestorTitles":["Health Check Endpoint"],"duration":5,"failing":false,"failureDetails":[],"failureMessages":[],"fullName":"Health Check Endpoint should return 200 OK for api/health","invocations":1,"location":null,"numPassingAsserts":2,"retryReasons":[],"startAt":1779924449920,"status":"passed","title":"should return 200 OK for api/health"}],"endTime":1779924449927,"message":"","name":"C:\\Users\\gabri\\OneDrive\\Documentos\\GitHub\\ERP---OR-AMENTO-SISTEMA\\api-server\\src\\__tests__\\health.test.ts","startTime":1779924449236,"status":"passed","summary":""},{"assertionResults":[{"ancestorTitles":["Rate Limiter Middleware"],"duration":2,"failing":false,"failureDetails":[],"failureMessages":[],"fullName":"Rate Limiter Middleware should export general limiter","invocations":1,"location":null,"numPassingAsserts":2,"retryReasons":[],"startAt":1779924450056,"status":"passed","title":"should export general limiter"},{"ancestorTitles":["Rate Limiter Middleware"],"duration":1,"failing":false,"failureDetails":[],"failureMessages":[],"fullName":"Rate Limiter Middleware should export login limiter","invocations":1,"location":null,"numPassingAsserts":2,"retryReasons":[],"startAt":1779924450059,"status":"passed","title":"should export login limiter"},{"ancestorTitles":["Rate Limiter Middleware"],"duration":0,"failing":false,"failureDetails":[],"failureMessages":[],"fullName":"Rate Limiter Middleware should have different limiters for general and login","invocations":1,"location":null,"numPassingAsserts":1,"retryReasons":[],"startAt":1779924450060,"status":"passed","title":"should have different limiters for general and login"}],"endTime":1779924450062,"message":"","name":"C:\\Users\\gabri\\OneDrive\\Documentos\\GitHub\\ERP---OR-AMENTO-SISTEMA\\api-server\\src\\__tests__\\middleware\\rateLimiter.test.ts","startTime":1779924449940,"status":"passed","summary":""}],"wasInterrupted":false}
